e:\windows essentials\documents\programming\mymod\src\vgui2\vgui_controls\vgui_controls.vpc.sentinel
e:\windows essentials\documents\programming\mymod\src\lib\public\vgui_controls.lib
e:\windows essentials\documents\programming\mymod\src\vgui2\vgui_controls\release\analogbar.obj
e:\windows essentials\documents\programming\mymod\src\vgui2\vgui_controls\release\animatingimagepanel.obj
e:\windows essentials\documents\programming\mymod\src\vgui2\vgui_controls\release\animationcontroller.obj
e:\windows essentials\documents\programming\mymod\src\vgui2\vgui_controls\release\bitmapimagepanel.obj
e:\windows essentials\documents\programming\mymod\src\vgui2\vgui_controls\release\buildfactoryhelper.obj
e:\windows essentials\documents\programming\mymod\src\vgui2\vgui_controls\release\buildgroup.obj
e:\windows essentials\documents\programming\mymod\src\vgui2\vgui_controls\release\buildmodedialog.obj
e:\windows essentials\documents\programming\mymod\src\vgui2\vgui_controls\release\button.obj
e:\windows essentials\documents\programming\mymod\src\vgui2\vgui_controls\release\checkbutton.obj
e:\windows essentials\documents\programming\mymod\src\vgui2\vgui_controls\release\checkbuttonlist.obj
e:\windows essentials\documents\programming\mymod\src\vgui2\vgui_controls\release\circularprogressbar.obj
e:\windows essentials\documents\programming\mymod\src\vgui2\vgui_controls\release\combobox.obj
e:\windows essentials\documents\programming\mymod\src\vgui2\vgui_controls\release\consoledialog.obj
e:\windows essentials\documents\programming\mymod\src\vgui2\vgui_controls\release\controllermap.obj
e:\windows essentials\documents\programming\mymod\src\vgui2\vgui_controls\release\controls.obj
e:\windows essentials\documents\programming\mymod\src\vgui2\vgui_controls\release\cvartogglecheckbutton.obj
e:\windows essentials\documents\programming\mymod\src\vgui2\vgui_controls\release\directoryselectdialog.obj
e:\windows essentials\documents\programming\mymod\src\vgui2\vgui_controls\release\divider.obj
e:\windows essentials\documents\programming\mymod\src\vgui2\vgui_controls\release\editablepanel.obj
e:\windows essentials\documents\programming\mymod\src\vgui2\vgui_controls\release\expandbutton.obj
e:\windows essentials\documents\programming\mymod\src\vgui2\vgui_controls\release\fileopendialog.obj
e:\windows essentials\documents\programming\mymod\src\vgui2\vgui_controls\release\fileopenstatemachine.obj
e:\windows essentials\documents\programming\mymod\src\vgui2\vgui_controls\release\filesystem_helpers.obj
e:\windows essentials\documents\programming\mymod\src\vgui2\vgui_controls\release\focusnavgroup.obj
e:\windows essentials\documents\programming\mymod\src\vgui2\vgui_controls\release\frame.obj
e:\windows essentials\documents\programming\mymod\src\vgui2\vgui_controls\release\graphpanel.obj
e:\windows essentials\documents\programming\mymod\src\vgui2\vgui_controls\release\html.obj
e:\windows essentials\documents\programming\mymod\src\vgui2\vgui_controls\release\image.obj
e:\windows essentials\documents\programming\mymod\src\vgui2\vgui_controls\release\imagelist.obj
e:\windows essentials\documents\programming\mymod\src\vgui2\vgui_controls\release\imagepanel.obj
e:\windows essentials\documents\programming\mymod\src\vgui2\vgui_controls\release\inputdialog.obj
e:\windows essentials\documents\programming\mymod\src\vgui2\vgui_controls\release\keybindinghelpdialog.obj
e:\windows essentials\documents\programming\mymod\src\vgui2\vgui_controls\release\keyboardeditordialog.obj
e:\windows essentials\documents\programming\mymod\src\vgui2\vgui_controls\release\keyrepeat.obj
e:\windows essentials\documents\programming\mymod\src\vgui2\vgui_controls\release\label.obj
e:\windows essentials\documents\programming\mymod\src\vgui2\vgui_controls\release\listpanel.obj
e:\windows essentials\documents\programming\mymod\src\vgui2\vgui_controls\release\listviewpanel.obj
e:\windows essentials\documents\programming\mymod\src\vgui2\vgui_controls\release\menu.obj
e:\windows essentials\documents\programming\mymod\src\vgui2\vgui_controls\release\menubar.obj
e:\windows essentials\documents\programming\mymod\src\vgui2\vgui_controls\release\menubutton.obj
e:\windows essentials\documents\programming\mymod\src\vgui2\vgui_controls\release\menuitem.obj
e:\windows essentials\documents\programming\mymod\src\vgui2\vgui_controls\release\messagebox.obj
e:\windows essentials\documents\programming\mymod\src\vgui2\vgui_controls\release\messagedialog.obj
e:\windows essentials\documents\programming\mymod\src\vgui2\vgui_controls\release\panel.obj
e:\windows essentials\documents\programming\mymod\src\vgui2\vgui_controls\release\panellistpanel.obj
e:\windows essentials\documents\programming\mymod\src\vgui2\vgui_controls\release\perforcefileexplorer.obj
e:\windows essentials\documents\programming\mymod\src\vgui2\vgui_controls\release\perforcefilelist.obj
e:\windows essentials\documents\programming\mymod\src\vgui2\vgui_controls\release\perforcefilelistframe.obj
e:\windows essentials\documents\programming\mymod\src\vgui2\vgui_controls\release\progressbar.obj
e:\windows essentials\documents\programming\mymod\src\vgui2\vgui_controls\release\progressbox.obj
e:\windows essentials\documents\programming\mymod\src\vgui2\vgui_controls\release\propertydialog.obj
e:\windows essentials\documents\programming\mymod\src\vgui2\vgui_controls\release\propertypage.obj
e:\windows essentials\documents\programming\mymod\src\vgui2\vgui_controls\release\propertysheet.obj
e:\windows essentials\documents\programming\mymod\src\vgui2\vgui_controls\release\querybox.obj
e:\windows essentials\documents\programming\mymod\src\vgui2\vgui_controls\release\radiobutton.obj
e:\windows essentials\documents\programming\mymod\src\vgui2\vgui_controls\release\richtext.obj
e:\windows essentials\documents\programming\mymod\src\vgui2\vgui_controls\release\rotatingprogressbar.obj
e:\windows essentials\documents\programming\mymod\src\vgui2\vgui_controls\release\savedocumentquery.obj
e:\windows essentials\documents\programming\mymod\src\vgui2\vgui_controls\release\scalableimagepanel.obj
e:\windows essentials\documents\programming\mymod\src\vgui2\vgui_controls\release\scrollableeditablepanel.obj
e:\windows essentials\documents\programming\mymod\src\vgui2\vgui_controls\release\scrollbar.obj
e:\windows essentials\documents\programming\mymod\src\vgui2\vgui_controls\release\scrollbarslider.obj
e:\windows essentials\documents\programming\mymod\src\vgui2\vgui_controls\release\sectionedlistpanel.obj
e:\windows essentials\documents\programming\mymod\src\vgui2\vgui_controls\release\slider.obj
e:\windows essentials\documents\programming\mymod\src\vgui2\vgui_controls\release\splitter.obj
e:\windows essentials\documents\programming\mymod\src\vgui2\vgui_controls\release\subrectimage.obj
e:\windows essentials\documents\programming\mymod\src\vgui2\vgui_controls\release\textentry.obj
e:\windows essentials\documents\programming\mymod\src\vgui2\vgui_controls\release\textimage.obj
e:\windows essentials\documents\programming\mymod\src\vgui2\vgui_controls\release\togglebutton.obj
e:\windows essentials\documents\programming\mymod\src\vgui2\vgui_controls\release\tooltip.obj
e:\windows essentials\documents\programming\mymod\src\vgui2\vgui_controls\release\toolwindow.obj
e:\windows essentials\documents\programming\mymod\src\vgui2\vgui_controls\release\treeview.obj
e:\windows essentials\documents\programming\mymod\src\vgui2\vgui_controls\release\treeviewlistcontrol.obj
e:\windows essentials\documents\programming\mymod\src\vgui2\vgui_controls\release\urllabel.obj
e:\windows essentials\documents\programming\mymod\src\vgui2\vgui_controls\release\vgui_key_translation.obj
e:\windows essentials\documents\programming\mymod\src\vgui2\vgui_controls\release\wizardpanel.obj
e:\windows essentials\documents\programming\mymod\src\vgui2\vgui_controls\release\wizardsubpanel.obj
e:\windows essentials\documents\programming\mymod\src\vgui2\vgui_controls\..\..\lib\public\.\vgui_controls.lib
e:\windows essentials\documents\programming\mymod\src\vgui2\vgui_controls\release\vgui_controls.tlog\cl.command.1.tlog
e:\windows essentials\documents\programming\mymod\src\vgui2\vgui_controls\release\vgui_controls.tlog\cl.read.1.tlog
e:\windows essentials\documents\programming\mymod\src\vgui2\vgui_controls\release\vgui_controls.tlog\custombuild.command.1.tlog
e:\windows essentials\documents\programming\mymod\src\vgui2\vgui_controls\release\vgui_controls.tlog\custombuild.read.1.tlog
e:\windows essentials\documents\programming\mymod\src\vgui2\vgui_controls\release\vgui_controls.tlog\custombuild.write.1.tlog
e:\windows essentials\documents\programming\mymod\src\vgui2\vgui_controls\release\vgui_controls.tlog\lib-link.read.1.tlog
e:\windows essentials\documents\programming\mymod\src\vgui2\vgui_controls\release\vgui_controls.tlog\lib-link.write.1.tlog
e:\windows essentials\documents\programming\mymod\src\vgui2\vgui_controls\release\vgui_controls.tlog\lib.command.1.tlog
