e:\windows essentials\documents\programming\mymod\src\mathlib\mathlib.vpc.sentinel
e:\windows essentials\documents\programming\mymod\src\lib\public\mathlib.lib
e:\windows essentials\documents\programming\mymod\src\mathlib\release\3dnow.obj
e:\windows essentials\documents\programming\mymod\src\mathlib\release\almostequal.obj
e:\windows essentials\documents\programming\mymod\src\mathlib\release\anorms.obj
e:\windows essentials\documents\programming\mymod\src\mathlib\release\bumpvects.obj
e:\windows essentials\documents\programming\mymod\src\mathlib\release\color_conversion.obj
e:\windows essentials\documents\programming\mymod\src\mathlib\release\halton.obj
e:\windows essentials\documents\programming\mymod\src\mathlib\release\icekey.obj
e:\windows essentials\documents\programming\mymod\src\mathlib\release\imagequant.obj
e:\windows essentials\documents\programming\mymod\src\mathlib\release\lightdesc.obj
e:\windows essentials\documents\programming\mymod\src\mathlib\release\mathlib_base.obj
e:\windows essentials\documents\programming\mymod\src\mathlib\release\polyhedron.obj
e:\windows essentials\documents\programming\mymod\src\mathlib\release\powsse.obj
e:\windows essentials\documents\programming\mymod\src\mathlib\release\quantize.obj
e:\windows essentials\documents\programming\mymod\src\mathlib\release\randsse.obj
e:\windows essentials\documents\programming\mymod\src\mathlib\release\simdvectormatrix.obj
e:\windows essentials\documents\programming\mymod\src\mathlib\release\sparse_convolution_noise.obj
e:\windows essentials\documents\programming\mymod\src\mathlib\release\spherical.obj
e:\windows essentials\documents\programming\mymod\src\mathlib\release\sse.obj
e:\windows essentials\documents\programming\mymod\src\mathlib\release\sseconst.obj
e:\windows essentials\documents\programming\mymod\src\mathlib\release\ssenoise.obj
e:\windows essentials\documents\programming\mymod\src\mathlib\release\vector.obj
e:\windows essentials\documents\programming\mymod\src\mathlib\release\vmatrix.obj
e:\windows essentials\documents\programming\mymod\src\mathlib\..\lib\public\.\mathlib.lib
e:\windows essentials\documents\programming\mymod\src\mathlib\release\mathlib.tlog\cl.command.1.tlog
e:\windows essentials\documents\programming\mymod\src\mathlib\release\mathlib.tlog\cl.read.1.tlog
e:\windows essentials\documents\programming\mymod\src\mathlib\release\mathlib.tlog\custombuild.command.1.tlog
e:\windows essentials\documents\programming\mymod\src\mathlib\release\mathlib.tlog\custombuild.read.1.tlog
e:\windows essentials\documents\programming\mymod\src\mathlib\release\mathlib.tlog\custombuild.write.1.tlog
e:\windows essentials\documents\programming\mymod\src\mathlib\release\mathlib.tlog\lib-link.read.1.tlog
e:\windows essentials\documents\programming\mymod\src\mathlib\release\mathlib.tlog\lib-link.write.1.tlog
e:\windows essentials\documents\programming\mymod\src\mathlib\release\mathlib.tlog\lib.command.1.tlog
