e:\windows essentials\documents\programming\mymod\src\tier1\release\processor_detect.obj
e:\windows essentials\documents\programming\mymod\src\tier1\tier1.vpc.sentinel
e:\windows essentials\documents\programming\mymod\src\lib\public\tier1.lib
e:\windows essentials\documents\programming\mymod\src\tier1\release\bitbuf.obj
e:\windows essentials\documents\programming\mymod\src\tier1\release\byteswap.obj
e:\windows essentials\documents\programming\mymod\src\tier1\release\characterset.obj
e:\windows essentials\documents\programming\mymod\src\tier1\release\checksum_crc.obj
e:\windows essentials\documents\programming\mymod\src\tier1\release\checksum_md5.obj
e:\windows essentials\documents\programming\mymod\src\tier1\release\checksum_sha1.obj
e:\windows essentials\documents\programming\mymod\src\tier1\release\commandbuffer.obj
e:\windows essentials\documents\programming\mymod\src\tier1\release\convar.obj
e:\windows essentials\documents\programming\mymod\src\tier1\release\datamanager.obj
e:\windows essentials\documents\programming\mymod\src\tier1\release\diff.obj
e:\windows essentials\documents\programming\mymod\src\tier1\release\generichash.obj
e:\windows essentials\documents\programming\mymod\src\tier1\release\ilocalize.obj
e:\windows essentials\documents\programming\mymod\src\tier1\release\interface.obj
e:\windows essentials\documents\programming\mymod\src\tier1\release\keyvalues.obj
e:\windows essentials\documents\programming\mymod\src\tier1\release\kvpacker.obj
e:\windows essentials\documents\programming\mymod\src\tier1\release\lzmadec.obj
e:\windows essentials\documents\programming\mymod\src\tier1\release\lzmadecoder.obj
e:\windows essentials\documents\programming\mymod\src\tier1\release\mempool.obj
e:\windows essentials\documents\programming\mymod\src\tier1\release\memstack.obj
e:\windows essentials\documents\programming\mymod\src\tier1\release\netadr.obj
e:\windows essentials\documents\programming\mymod\src\tier1\release\newbitbuf.obj
e:\windows essentials\documents\programming\mymod\src\tier1\release\rangecheckedvar.obj
e:\windows essentials\documents\programming\mymod\src\tier1\release\reliabletimer.obj
e:\windows essentials\documents\programming\mymod\src\tier1\release\snappy-sinksource.obj
e:\windows essentials\documents\programming\mymod\src\tier1\release\snappy-stubs-internal.obj
e:\windows essentials\documents\programming\mymod\src\tier1\release\snappy.obj
e:\windows essentials\documents\programming\mymod\src\tier1\release\sparsematrix.obj
e:\windows essentials\documents\programming\mymod\src\tier1\release\splitstring.obj
e:\windows essentials\documents\programming\mymod\src\tier1\release\stringpool.obj
e:\windows essentials\documents\programming\mymod\src\tier1\release\strtools.obj
e:\windows essentials\documents\programming\mymod\src\tier1\release\strtools_unicode.obj
e:\windows essentials\documents\programming\mymod\src\tier1\release\tier1.obj
e:\windows essentials\documents\programming\mymod\src\tier1\release\tokenreader.obj
e:\windows essentials\documents\programming\mymod\src\tier1\release\uniqueid.obj
e:\windows essentials\documents\programming\mymod\src\tier1\release\utlbinaryblock.obj
e:\windows essentials\documents\programming\mymod\src\tier1\release\utlbuffer.obj
e:\windows essentials\documents\programming\mymod\src\tier1\release\utlbufferutil.obj
e:\windows essentials\documents\programming\mymod\src\tier1\release\utlstring.obj
e:\windows essentials\documents\programming\mymod\src\tier1\release\utlsymbol.obj
e:\windows essentials\documents\programming\mymod\src\tier1\..\lib\public\.\tier1.lib
e:\windows essentials\documents\programming\mymod\src\tier1\release\tier1.tlog\cl.command.1.tlog
e:\windows essentials\documents\programming\mymod\src\tier1\release\tier1.tlog\cl.read.1.tlog
e:\windows essentials\documents\programming\mymod\src\tier1\release\tier1.tlog\cl.write.1.tlog
e:\windows essentials\documents\programming\mymod\src\tier1\release\tier1.tlog\custombuild.command.1.tlog
e:\windows essentials\documents\programming\mymod\src\tier1\release\tier1.tlog\custombuild.read.1.tlog
e:\windows essentials\documents\programming\mymod\src\tier1\release\tier1.tlog\custombuild.write.1.tlog
e:\windows essentials\documents\programming\mymod\src\tier1\release\tier1.tlog\lib-link.read.1.tlog
e:\windows essentials\documents\programming\mymod\src\tier1\release\tier1.tlog\lib-link.write.1.tlog
e:\windows essentials\documents\programming\mymod\src\tier1\release\tier1.tlog\lib.command.1.tlog
