e:\windows essentials\documents\programming\mymod\src\game\server\release_mod_hl2mp\server.pch
e:\windows essentials\documents\programming\mymod\src\game\server\release_mod_hl2mp\vc120.pdb
e:\windows essentials\documents\programming\mymod\src\game\server\release_mod_hl2mp\stdafx.obj
e:\windows essentials\documents\programming\mymod\src\game\server\release_mod_hl2mp\gamedll_replay.obj
e:\windows essentials\documents\programming\mymod\src\game\server\release_mod_hl2mp\ai_activity.obj
e:\windows essentials\documents\programming\mymod\src\game\server\release_mod_hl2mp\ai_blended_movement.obj
e:\windows essentials\documents\programming\mymod\src\game\server\release_mod_hl2mp\ai_event.obj
e:\windows essentials\documents\programming\mymod\src\game\server\release_mod_hl2mp\ai_memory.obj
e:\windows essentials\documents\programming\mymod\src\game\server\release_mod_hl2mp\ai_node.obj
e:\windows essentials\documents\programming\mymod\src\game\server\release_mod_hl2mp\ai_playerally.obj
e:\windows essentials\documents\programming\mymod\src\game\server\release_mod_hl2mp\ai_squad.obj
e:\windows essentials\documents\programming\mymod\src\game\server\release_mod_hl2mp\ai_utils.obj
e:\windows essentials\documents\programming\mymod\src\game\server\release_mod_hl2mp\basecombatweapon.obj
e:\windows essentials\documents\programming\mymod\src\game\server\release_mod_hl2mp\basegrenade_shared.obj
e:\windows essentials\documents\programming\mymod\src\game\server\release_mod_hl2mp\baseviewmodel.obj
e:\windows essentials\documents\programming\mymod\src\game\server\release_mod_hl2mp\bitstring.obj
e:\windows essentials\documents\programming\mymod\src\game\server\release_mod_hl2mp\bmodels.obj
e:\windows essentials\documents\programming\mymod\src\game\server\release_mod_hl2mp\collisionproperty.obj
e:\windows essentials\documents\programming\mymod\src\game\server\release_mod_hl2mp\controlentities.obj
e:\windows essentials\documents\programming\mymod\src\game\server\release_mod_hl2mp\death_pose.obj
e:\windows essentials\documents\programming\mymod\src\game\server\release_mod_hl2mp\dynamiclight.obj
e:\windows essentials\documents\programming\mymod\src\game\server\release_mod_hl2mp\effectsserver.obj
e:\windows essentials\documents\programming\mymod\src\game\server\release_mod_hl2mp\ehandle.obj
e:\windows essentials\documents\programming\mymod\src\game\server\release_mod_hl2mp\entityblocker.obj
e:\windows essentials\documents\programming\mymod\src\game\server\release_mod_hl2mp\entitylist.obj
e:\windows essentials\documents\programming\mymod\src\game\server\release_mod_hl2mp\func_ladder_endpoint.obj
e:\windows essentials\documents\programming\mymod\src\game\server\release_mod_hl2mp\func_monitor.obj
e:\windows essentials\documents\programming\mymod\src\game\server\release_mod_hl2mp\gamemovement.obj
e:\windows essentials\documents\programming\mymod\src\game\server\release_mod_hl2mp\genericactor.obj
e:\windows essentials\documents\programming\mymod\src\game\server\release_mod_hl2mp\hierarchy.obj
e:\windows essentials\documents\programming\mymod\src\game\server\release_mod_hl2mp\igamesystem.obj
e:\windows essentials\documents\programming\mymod\src\game\server\release_mod_hl2mp\intermission.obj
e:\windows essentials\documents\programming\mymod\src\game\server\release_mod_hl2mp\lights.obj
e:\windows essentials\documents\programming\mymod\src\game\server\release_mod_hl2mp\logicentities.obj
e:\windows essentials\documents\programming\mymod\src\game\server\release_mod_hl2mp\movehelper_server.obj
e:\windows essentials\documents\programming\mymod\src\game\server\release_mod_hl2mp\multiplay_gamerules.obj
e:\windows essentials\documents\programming\mymod\src\game\server\release_mod_hl2mp\phys_controller.obj
e:\windows essentials\documents\programming\mymod\src\game\server\release_mod_hl2mp\physics.obj
e:\windows essentials\documents\programming\mymod\src\game\server\release_mod_hl2mp\player.obj
e:\windows essentials\documents\programming\mymod\src\game\server\release_mod_hl2mp\sound.obj
e:\windows essentials\documents\programming\mymod\src\game\server\release_mod_hl2mp\sprite.obj
e:\windows essentials\documents\programming\mymod\src\game\server\release_mod_hl2mp\tanktrain.obj
e:\windows essentials\documents\programming\mymod\src\game\server\release_mod_hl2mp\team_spawnpoint.obj
e:\windows essentials\documents\programming\mymod\src\game\server\release_mod_hl2mp\teamplay_gamerules.obj
e:\windows essentials\documents\programming\mymod\src\game\server\release_mod_hl2mp\teamplayroundbased_gamerules.obj
e:\windows essentials\documents\programming\mymod\src\game\server\release_mod_hl2mp\vehicle_baseserver.obj
e:\windows essentials\documents\programming\mymod\src\game\server\release_mod_hl2mp\ai_behavior_holster.obj
e:\windows essentials\documents\programming\mymod\src\game\server\release_mod_hl2mp\antlion_dust.obj
e:\windows essentials\documents\programming\mymod\src\game\server\release_mod_hl2mp\ar2_explosion.obj
e:\windows essentials\documents\programming\mymod\src\game\server\release_mod_hl2mp\basebludgeonweapon.obj
e:\windows essentials\documents\programming\mymod\src\game\server\release_mod_hl2mp\basehlcombatweapon_shared.obj
e:\windows essentials\documents\programming\mymod\src\game\server\release_mod_hl2mp\cbasehelicopter.obj
e:\windows essentials\documents\programming\mymod\src\game\server\release_mod_hl2mp\hl2_ai_network.obj
e:\windows essentials\documents\programming\mymod\src\game\server\release_mod_hl2mp\info_teleporter_countdown.obj
e:\windows essentials\documents\programming\mymod\src\game\server\release_mod_hl2mp\item_dynamic_resupply.obj
e:\windows essentials\documents\programming\mymod\src\game\server\release_mod_hl2mp\monster_dummy.obj
e:\windows essentials\documents\programming\mymod\src\game\server\release_mod_hl2mp\npc_barnacle.obj
e:\windows essentials\documents\programming\mymod\src\game\server\release_mod_hl2mp\npc_basezombie.obj
e:\windows essentials\documents\programming\mymod\src\game\server\release_mod_hl2mp\npc_combines.obj
e:\windows essentials\documents\programming\mymod\src\game\server\release_mod_hl2mp\npc_gman.obj
e:\windows essentials\documents\programming\mymod\src\game\server\release_mod_hl2mp\npc_metropolice.obj
e:\windows essentials\documents\programming\mymod\src\game\server\release_mod_hl2mp\npc_talker.obj
e:\windows essentials\documents\programming\mymod\src\game\server\release_mod_hl2mp\npc_zombie.obj
e:\windows essentials\documents\programming\mymod\src\game\server\release_mod_hl2mp\vehicle_crane.obj
e:\windows essentials\documents\programming\mymod\src\game\server\release_mod_hl2mp\vehicle_apc.obj
e:\windows essentials\documents\programming\mymod\src\game\server\release_mod_hl2mp\weapon_357.obj
e:\windows essentials\documents\programming\mymod\src\game\server\release_mod_hl2mp\weapon_hl2mpbase_machinegun.obj
e:\windows essentials\documents\programming\mymod\src\game\server\release_mod_hl2mp\weapon_shotgun.obj
e:\windows essentials\documents\programming\mymod\src\game\server\release_mod_hl2mp\nav_area.obj
e:\windows essentials\documents\programming\mymod\src\game\server\release_mod_hl2mp\nav_mesh.obj
e:\windows essentials\documents\programming\mymod\src\game\server\release_mod_hl2mp\te_armorricochet.obj
e:\windows essentials\documents\programming\mymod\src\game\server\release_mod_hl2mp\te_beampoints.obj
e:\windows essentials\documents\programming\mymod\src\game\server\release_mod_hl2mp\te_breakmodel.obj
e:\windows essentials\documents\programming\mymod\src\game\server\release_mod_hl2mp\te_dynamiclight.obj
e:\windows essentials\documents\programming\mymod\src\game\server\release_mod_hl2mp\te_gaussexplosion.obj
e:\windows essentials\documents\programming\mymod\src\game\server\release_mod_hl2mp\te_particlesystem.obj
e:\windows essentials\documents\programming\mymod\src\game\server\release_mod_hl2mp\te_showline.obj
e:\windows essentials\documents\programming\mymod\src\game\server\release_mod_hl2mp\usermessages.obj
e:\windows essentials\documents\programming\mymod\src\game\server\release_mod_hl2mp\activitylist.obj
e:\windows essentials\documents\programming\mymod\src\game\server\release_mod_hl2mp\ai_basenpc_flyer.obj
e:\windows essentials\documents\programming\mymod\src\game\server\release_mod_hl2mp\ai_basenpc_schedule.obj
e:\windows essentials\documents\programming\mymod\src\game\server\release_mod_hl2mp\ai_behavior_lead.obj
e:\windows essentials\documents\programming\mymod\src\game\server\release_mod_hl2mp\ai_hull.obj
e:\windows essentials\documents\programming\mymod\src\game\server\release_mod_hl2mp\ai_interest_target.obj
e:\windows essentials\documents\programming\mymod\src\game\server\release_mod_hl2mp\ai_link.obj
e:\windows essentials\documents\programming\mymod\src\game\server\release_mod_hl2mp\ai_localnavigator.obj
e:\windows essentials\documents\programming\mymod\src\game\server\release_mod_hl2mp\ai_movesolver.obj
e:\windows essentials\documents\programming\mymod\src\game\server\release_mod_hl2mp\ai_navigator.obj
e:\windows essentials\documents\programming\mymod\src\game\server\release_mod_hl2mp\ai_schedule.obj
e:\windows essentials\documents\programming\mymod\src\game\server\release_mod_hl2mp\ai_sentence.obj
e:\windows essentials\documents\programming\mymod\src\game\server\release_mod_hl2mp\ai_tacticalservices.obj
e:\windows essentials\documents\programming\mymod\src\game\server\release_mod_hl2mp\base_transmit_proxy.obj
e:\windows essentials\documents\programming\mymod\src\game\server\release_mod_hl2mp\baseachievement.obj
e:\windows essentials\documents\programming\mymod\src\game\server\release_mod_hl2mp\basecombatweapon_shared.obj
e:\windows essentials\documents\programming\mymod\src\game\server\release_mod_hl2mp\baseflex.obj
e:\windows essentials\documents\programming\mymod\src\game\server\release_mod_hl2mp\commentarysystem.obj
e:\windows essentials\documents\programming\mymod\src\game\server\release_mod_hl2mp\env_detail_controller.obj
e:\windows essentials\documents\programming\mymod\src\game\server\release_mod_hl2mp\env_player_surface_trigger.obj
e:\windows essentials\documents\programming\mymod\src\game\server\release_mod_hl2mp\env_wind_shared.obj
e:\windows essentials\documents\programming\mymod\src\game\server\release_mod_hl2mp\envlaser.obj
e:\windows essentials\documents\programming\mymod\src\game\server\release_mod_hl2mp\eventlog.obj
e:\windows essentials\documents\programming\mymod\src\game\server\release_mod_hl2mp\fire_smoke.obj
e:\windows essentials\documents\programming\mymod\src\game\server\release_mod_hl2mp\fogcontroller.obj
e:\windows essentials\documents\programming\mymod\src\game\server\release_mod_hl2mp\func_areaportalbase.obj
e:\windows essentials\documents\programming\mymod\src\game\server\release_mod_hl2mp\func_break.obj
e:\windows essentials\documents\programming\mymod\src\game\server\release_mod_hl2mp\func_occluder.obj
e:\windows essentials\documents\programming\mymod\src\game\server\release_mod_hl2mp\gameinterface.obj
e:\windows essentials\documents\programming\mymod\src\game\server\release_mod_hl2mp\monstermaker.obj
e:\windows essentials\documents\programming\mymod\src\game\server\release_mod_hl2mp\pathcorner.obj
e:\windows essentials\documents\programming\mymod\src\game\server\release_mod_hl2mp\pathtrack.obj
e:\windows essentials\documents\programming\mymod\src\game\server\release_mod_hl2mp\physconstraint.obj
e:\windows essentials\documents\programming\mymod\src\game\server\release_mod_hl2mp\physics_main_shared.obj
e:\windows essentials\documents\programming\mymod\src\game\server\release_mod_hl2mp\player_lagcompensation.obj
e:\windows essentials\documents\programming\mymod\src\game\server\release_mod_hl2mp\playerlocaldata.obj
e:\windows essentials\documents\programming\mymod\src\game\server\release_mod_hl2mp\point_devshot_camera.obj
e:\windows essentials\documents\programming\mymod\src\game\server\release_mod_hl2mp\pointangularvelocitysensor.obj
e:\windows essentials\documents\programming\mymod\src\game\server\release_mod_hl2mp\querycache.obj
e:\windows essentials\documents\programming\mymod\src\game\server\release_mod_hl2mp\ragdollboogie.obj
e:\windows essentials\documents\programming\mymod\src\game\server\release_mod_hl2mp\rope_helpers.obj
e:\windows essentials\documents\programming\mymod\src\game\server\release_mod_hl2mp\saverestore_gamedll.obj
e:\windows essentials\documents\programming\mymod\src\game\server\release_mod_hl2mp\sceneentity.obj
e:\windows essentials\documents\programming\mymod\src\game\server\release_mod_hl2mp\survival_gamerules.obj
e:\windows essentials\documents\programming\mymod\src\game\server\release_mod_hl2mp\tactical_mission.obj
e:\windows essentials\documents\programming\mymod\src\game\server\release_mod_hl2mp\team_objectiveresource.obj
e:\windows essentials\documents\programming\mymod\src\game\server\release_mod_hl2mp\teamplay_round_timer.obj
e:\windows essentials\documents\programming\mymod\src\game\server\release_mod_hl2mp\testfunctions.obj
e:\windows essentials\documents\programming\mymod\src\game\server\release_mod_hl2mp\timedeventmgr.obj
e:\windows essentials\documents\programming\mymod\src\game\server\release_mod_hl2mp\triggers.obj
e:\windows essentials\documents\programming\mymod\src\game\server\release_mod_hl2mp\ai_behavior_functank.obj
e:\windows essentials\documents\programming\mymod\src\game\server\release_mod_hl2mp\antlion_maker.obj
e:\windows essentials\documents\programming\mymod\src\game\server\release_mod_hl2mp\func_recharge.obj
e:\windows essentials\documents\programming\mymod\src\game\server\release_mod_hl2mp\grenade_ar2.obj
e:\windows essentials\documents\programming\mymod\src\game\server\release_mod_hl2mp\hl2_eventlog.obj
e:\windows essentials\documents\programming\mymod\src\game\server\release_mod_hl2mp\hl2_player.obj
e:\windows essentials\documents\programming\mymod\src\game\server\release_mod_hl2mp\npc_attackchopper.obj
e:\windows essentials\documents\programming\mymod\src\game\server\release_mod_hl2mp\npc_citizen17.obj
e:\windows essentials\documents\programming\mymod\src\game\server\release_mod_hl2mp\npc_fisherman.obj
e:\windows essentials\documents\programming\mymod\src\game\server\release_mod_hl2mp\npc_playercompanion.obj
e:\windows essentials\documents\programming\mymod\src\game\server\release_mod_hl2mp\npc_turret_ceiling.obj
e:\windows essentials\documents\programming\mymod\src\game\server\release_mod_hl2mp\npc_turret_ground.obj
e:\windows essentials\documents\programming\mymod\src\game\server\release_mod_hl2mp\rotorwash.obj
e:\windows essentials\documents\programming\mymod\src\game\server\release_mod_hl2mp\script_intro_shared.obj
e:\windows essentials\documents\programming\mymod\src\game\server\release_mod_hl2mp\vehicle_airboat.obj
e:\windows essentials\documents\programming\mymod\src\game\server\release_mod_hl2mp\weapon_bugbait.obj
e:\windows essentials\documents\programming\mymod\src\game\server\release_mod_hl2mp\hl2mp_cvars.obj
e:\windows essentials\documents\programming\mymod\src\game\server\release_mod_hl2mp\hl2mp_gamerules.obj
e:\windows essentials\documents\programming\mymod\src\game\server\release_mod_hl2mp\weapon_ar2.obj
e:\windows essentials\documents\programming\mymod\src\game\server\release_mod_hl2mp\weapon_hl2mpbasebasebludgeon.obj
e:\windows essentials\documents\programming\mymod\src\game\server\release_mod_hl2mp\weapon_slam.obj
e:\windows essentials\documents\programming\mymod\src\game\server\release_mod_hl2mp\nav_edit.obj
e:\windows essentials\documents\programming\mymod\src\game\server\release_mod_hl2mp\nav_ladder.obj
e:\windows essentials\documents\programming\mymod\src\game\server\release_mod_hl2mp\basetempentity.obj
e:\windows essentials\documents\programming\mymod\src\game\server\release_mod_hl2mp\movie_explosion.obj
e:\windows essentials\documents\programming\mymod\src\game\server\release_mod_hl2mp\spritetrail.obj
e:\windows essentials\documents\programming\mymod\src\game\server\release_mod_hl2mp\te_beamfollow.obj
e:\windows essentials\documents\programming\mymod\src\game\server\release_mod_hl2mp\te_beamspline.obj
e:\windows essentials\documents\programming\mymod\src\game\server\release_mod_hl2mp\te_bubbles.obj
e:\windows essentials\documents\programming\mymod\src\game\server\release_mod_hl2mp\te_energysplash.obj
e:\windows essentials\documents\programming\mymod\src\game\server\release_mod_hl2mp\te_killplayerattachments.obj
e:\windows essentials\documents\programming\mymod\src\game\server\release_mod_hl2mp\te_physicsprop.obj
e:\windows essentials\documents\programming\mymod\src\game\server\release_mod_hl2mp\te_worlddecal.obj
e:\windows essentials\documents\programming\mymod\src\game\server\release_mod_hl2mp\achievement_saverestore.obj
e:\windows essentials\documents\programming\mymod\src\game\server\release_mod_hl2mp\ai_baseactor.obj
e:\windows essentials\documents\programming\mymod\src\game\server\release_mod_hl2mp\ai_basenpc_physicsflyer.obj
e:\windows essentials\documents\programming\mymod\src\game\server\release_mod_hl2mp\ai_behavior_assault.obj
e:\windows essentials\documents\programming\mymod\src\game\server\release_mod_hl2mp\ai_behavior_standoff.obj
e:\windows essentials\documents\programming\mymod\src\game\server\release_mod_hl2mp\ai_hint.obj
e:\windows essentials\documents\programming\mymod\src\game\server\release_mod_hl2mp\ai_moveshoot.obj
e:\windows essentials\documents\programming\mymod\src\game\server\release_mod_hl2mp\ai_pathfinder.obj
e:\windows essentials\documents\programming\mymod\src\game\server\release_mod_hl2mp\ai_route.obj
e:\windows essentials\documents\programming\mymod\src\game\server\release_mod_hl2mp\ai_senses.obj
e:\windows essentials\documents\programming\mymod\src\game\server\release_mod_hl2mp\ai_squadslot.obj
e:\windows essentials\documents\programming\mymod\src\game\server\release_mod_hl2mp\ai_waypoint.obj
e:\windows essentials\documents\programming\mymod\src\game\server\release_mod_hl2mp\animation.obj
e:\windows essentials\documents\programming\mymod\src\game\server\release_mod_hl2mp\baseanimating.obj
e:\windows essentials\documents\programming\mymod\src\game\server\release_mod_hl2mp\basegrenade_concussion.obj
e:\windows essentials\documents\programming\mymod\src\game\server\release_mod_hl2mp\basegrenade_timed.obj
e:\windows essentials\documents\programming\mymod\src\game\server\release_mod_hl2mp\baseparticleentity.obj
e:\windows essentials\documents\programming\mymod\src\game\server\release_mod_hl2mp\baseplayer_shared.obj
e:\windows essentials\documents\programming\mymod\src\game\server\release_mod_hl2mp\decals.obj
e:\windows essentials\documents\programming\mymod\src\game\server\release_mod_hl2mp\entityflame.obj
e:\windows essentials\documents\programming\mymod\src\game\server\release_mod_hl2mp\env_entity_maker.obj
e:\windows essentials\documents\programming\mymod\src\game\server\release_mod_hl2mp\env_tonemap_controller.obj
e:\windows essentials\documents\programming\mymod\src\game\server\release_mod_hl2mp\envfade.obj
e:\windows essentials\documents\programming\mymod\src\game\server\release_mod_hl2mp\envmessage.obj
e:\windows essentials\documents\programming\mymod\src\game\server\release_mod_hl2mp\fish.obj
e:\windows essentials\documents\programming\mymod\src\game\server\release_mod_hl2mp\func_areaportal.obj
e:\windows essentials\documents\programming\mymod\src\game\server\release_mod_hl2mp\func_areaportalwindow.obj
e:\windows essentials\documents\programming\mymod\src\game\server\release_mod_hl2mp\func_dust.obj
e:\windows essentials\documents\programming\mymod\src\game\server\release_mod_hl2mp\func_lod.obj
e:\windows essentials\documents\programming\mymod\src\game\server\release_mod_hl2mp\func_smokevolume.obj
e:\windows essentials\documents\programming\mymod\src\game\server\release_mod_hl2mp\gamerules_register.obj
e:\windows essentials\documents\programming\mymod\src\game\server\release_mod_hl2mp\gamestats.obj
e:\windows essentials\documents\programming\mymod\src\game\server\release_mod_hl2mp\globalstate.obj
e:\windows essentials\documents\programming\mymod\src\game\server\release_mod_hl2mp\haptic_utils.obj
e:\windows essentials\documents\programming\mymod\src\game\server\release_mod_hl2mp\hintsystem.obj
e:\windows essentials\documents\programming\mymod\src\game\server\release_mod_hl2mp\info_overlay_accessor.obj
e:\windows essentials\documents\programming\mymod\src\game\server\release_mod_hl2mp\item_world.obj
e:\windows essentials\documents\programming\mymod\src\game\server\release_mod_hl2mp\modelentities.obj
e:\windows essentials\documents\programming\mymod\src\game\server\release_mod_hl2mp\movement.obj
e:\windows essentials\documents\programming\mymod\src\game\server\release_mod_hl2mp\obstacle_pushaway.obj
e:\windows essentials\documents\programming\mymod\src\game\server\release_mod_hl2mp\particlesystemquery.obj
e:\windows essentials\documents\programming\mymod\src\game\server\release_mod_hl2mp\physics_impact_damage.obj
e:\windows essentials\documents\programming\mymod\src\game\server\release_mod_hl2mp\physics_prop_ragdoll.obj
e:\windows essentials\documents\programming\mymod\src\game\server\release_mod_hl2mp\point_template.obj
e:\windows essentials\documents\programming\mymod\src\game\server\release_mod_hl2mp\predictableid.obj
e:\windows essentials\documents\programming\mymod\src\game\server\release_mod_hl2mp\ragdoll_manager.obj
e:\windows essentials\documents\programming\mymod\src\game\server\release_mod_hl2mp\scenecache.obj
e:\windows essentials\documents\programming\mymod\src\game\server\release_mod_hl2mp\scriptedtarget.obj
e:\windows essentials\documents\programming\mymod\src\game\server\release_mod_hl2mp\servernetworkproperty.obj
e:\windows essentials\documents\programming\mymod\src\game\server\release_mod_hl2mp\skycamera.obj
e:\windows essentials\documents\programming\mymod\src\game\server\release_mod_hl2mp\soundent.obj
e:\windows essentials\documents\programming\mymod\src\game\server\release_mod_hl2mp\soundparametersinternal.obj
e:\windows essentials\documents\programming\mymod\src\game\server\release_mod_hl2mp\soundscape_system.obj
e:\windows essentials\documents\programming\mymod\src\game\server\release_mod_hl2mp\team_control_point_round.obj
e:\windows essentials\documents\programming\mymod\src\game\server\release_mod_hl2mp\templateentities.obj
e:\windows essentials\documents\programming\mymod\src\game\server\release_mod_hl2mp\textstatsmgr.obj
e:\windows essentials\documents\programming\mymod\src\game\server\release_mod_hl2mp\usercmd.obj
e:\windows essentials\documents\programming\mymod\src\game\server\release_mod_hl2mp\util_shared.obj
e:\windows essentials\documents\programming\mymod\src\game\server\release_mod_hl2mp\variant_t.obj
e:\windows essentials\documents\programming\mymod\src\game\server\release_mod_hl2mp\vehicle_base.obj
e:\windows essentials\documents\programming\mymod\src\game\server\release_mod_hl2mp\weapon_proficiency.obj
e:\windows essentials\documents\programming\mymod\src\game\server\release_mod_hl2mp\weight_button.obj
e:\windows essentials\documents\programming\mymod\src\game\server\release_mod_hl2mp\ai_allymanager.obj
e:\windows essentials\documents\programming\mymod\src\game\server\release_mod_hl2mp\citadel_effects.obj
e:\windows essentials\documents\programming\mymod\src\game\server\release_mod_hl2mp\env_alyxemp.obj
e:\windows essentials\documents\programming\mymod\src\game\server\release_mod_hl2mp\env_starfield.obj
e:\windows essentials\documents\programming\mymod\src\game\server\release_mod_hl2mp\func_tank.obj
e:\windows essentials\documents\programming\mymod\src\game\server\release_mod_hl2mp\hl2_usermessages.obj
e:\windows essentials\documents\programming\mymod\src\game\server\release_mod_hl2mp\hl_gamemovement.obj
e:\windows essentials\documents\programming\mymod\src\game\server\release_mod_hl2mp\item_healthkit.obj
e:\windows essentials\documents\programming\mymod\src\game\server\release_mod_hl2mp\look_door.obj
e:\windows essentials\documents\programming\mymod\src\game\server\release_mod_hl2mp\npc_antlionguard.obj
e:\windows essentials\documents\programming\mymod\src\game\server\release_mod_hl2mp\npc_basescanner.obj
e:\windows essentials\documents\programming\mymod\src\game\server\release_mod_hl2mp\npc_combinedropship.obj
e:\windows essentials\documents\programming\mymod\src\game\server\release_mod_hl2mp\npc_dog.obj
e:\windows essentials\documents\programming\mymod\src\game\server\release_mod_hl2mp\npc_kleiner.obj
e:\windows essentials\documents\programming\mymod\src\game\server\release_mod_hl2mp\npc_monk.obj
e:\windows essentials\documents\programming\mymod\src\game\server\release_mod_hl2mp\npc_stalker.obj
e:\windows essentials\documents\programming\mymod\src\game\server\release_mod_hl2mp\npc_vortigaunt_episodic.obj
e:\windows essentials\documents\programming\mymod\src\game\server\release_mod_hl2mp\grenade_pathfollower.obj
e:\windows essentials\documents\programming\mymod\src\game\server\release_mod_hl2mp\hl2mp_bot_temp.obj
e:\windows essentials\documents\programming\mymod\src\game\server\release_mod_hl2mp\hl2mp_player.obj
e:\windows essentials\documents\programming\mymod\src\game\server\release_mod_hl2mp\weapon_hl2mpbase.obj
e:\windows essentials\documents\programming\mymod\src\game\server\release_mod_hl2mp\weapon_pistol.obj
e:\windows essentials\documents\programming\mymod\src\game\server\release_mod_hl2mp\weapon_stunstick.obj
e:\windows essentials\documents\programming\mymod\src\game\server\release_mod_hl2mp\nav_simplify.obj
e:\windows essentials\documents\programming\mymod\src\game\server\release_mod_hl2mp\smokestack.obj
e:\windows essentials\documents\programming\mymod\src\game\server\release_mod_hl2mp\te_beaments.obj
e:\windows essentials\documents\programming\mymod\src\game\server\release_mod_hl2mp\te_bloodsprite.obj
e:\windows essentials\documents\programming\mymod\src\game\server\release_mod_hl2mp\te_clientprojectile.obj
e:\windows essentials\documents\programming\mymod\src\game\server\release_mod_hl2mp\te_fizz.obj
e:\windows essentials\documents\programming\mymod\src\game\server\release_mod_hl2mp\te_glowsprite.obj
e:\windows essentials\documents\programming\mymod\src\game\server\release_mod_hl2mp\te_projecteddecal.obj
e:\windows essentials\documents\programming\mymod\src\game\server\release_mod_hl2mp\te_spritespray.obj
e:\windows essentials\documents\programming\mymod\src\game\server\release_mod_hl2mp\achievementmgr.obj
e:\windows essentials\documents\programming\mymod\src\game\server\release_mod_hl2mp\ai_basenpc_flyer_new.obj
e:\windows essentials\documents\programming\mymod\src\game\server\release_mod_hl2mp\ai_basenpc_squad.obj
e:\windows essentials\documents\programming\mymod\src\game\server\release_mod_hl2mp\ai_behavior_fear.obj
e:\windows essentials\documents\programming\mymod\src\game\server\release_mod_hl2mp\ai_behavior_rappel.obj
e:\windows essentials\documents\programming\mymod\src\game\server\release_mod_hl2mp\ai_criteria.obj
e:\windows essentials\documents\programming\mymod\src\game\server\release_mod_hl2mp\ai_default.obj
e:\windows essentials\documents\programming\mymod\src\game\server\release_mod_hl2mp\ai_looktarget.obj
e:\windows essentials\documents\programming\mymod\src\game\server\release_mod_hl2mp\ai_motor.obj
e:\windows essentials\documents\programming\mymod\src\game\server\release_mod_hl2mp\ai_networkmanager.obj
e:\windows essentials\documents\programming\mymod\src\game\server\release_mod_hl2mp\ai_saverestore.obj
e:\windows essentials\documents\programming\mymod\src\game\server\release_mod_hl2mp\ai_trackpather.obj
e:\windows essentials\documents\programming\mymod\src\game\server\release_mod_hl2mp\baseanimatingoverlay.obj
e:\windows essentials\documents\programming\mymod\src\game\server\release_mod_hl2mp\baseentity_shared.obj
e:\windows essentials\documents\programming\mymod\src\game\server\release_mod_hl2mp\basegrenade_contact.obj
e:\windows essentials\documents\programming\mymod\src\game\server\release_mod_hl2mp\basemultiplayerplayer.obj
e:\windows essentials\documents\programming\mymod\src\game\server\release_mod_hl2mp\baseviewmodel_shared.obj
e:\windows essentials\documents\programming\mymod\src\game\server\release_mod_hl2mp\buttons.obj
e:\windows essentials\documents\programming\mymod\src\game\server\release_mod_hl2mp\client.obj
e:\windows essentials\documents\programming\mymod\src\game\server\release_mod_hl2mp\entitylist_base.obj
e:\windows essentials\documents\programming\mymod\src\game\server\release_mod_hl2mp\entityparticletrail.obj
e:\windows essentials\documents\programming\mymod\src\game\server\release_mod_hl2mp\entityparticletrail_shared.obj
e:\windows essentials\documents\programming\mymod\src\game\server\release_mod_hl2mp\env_debughistory.obj
e:\windows essentials\documents\programming\mymod\src\game\server\release_mod_hl2mp\env_effectsscript.obj
e:\windows essentials\documents\programming\mymod\src\game\server\release_mod_hl2mp\env_texturetoggle.obj
e:\windows essentials\documents\programming\mymod\src\game\server\release_mod_hl2mp\env_zoom.obj
e:\windows essentials\documents\programming\mymod\src\game\server\release_mod_hl2mp\envshake.obj
e:\windows essentials\documents\programming\mymod\src\game\server\release_mod_hl2mp\explode.obj
e:\windows essentials\documents\programming\mymod\src\game\server\release_mod_hl2mp\func_breakablesurf.obj
e:\windows essentials\documents\programming\mymod\src\game\server\release_mod_hl2mp\gametrace_dll.obj
e:\windows essentials\documents\programming\mymod\src\game\server\release_mod_hl2mp\gamevars_shared.obj
e:\windows essentials\documents\programming\mymod\src\game\server\release_mod_hl2mp\genericmonster.obj
e:\windows essentials\documents\programming\mymod\src\game\server\release_mod_hl2mp\hltvdirector.obj
e:\windows essentials\documents\programming\mymod\src\game\server\release_mod_hl2mp\lightglow.obj
e:\windows essentials\documents\programming\mymod\src\game\server\release_mod_hl2mp\logic_navigation.obj
e:\windows essentials\documents\programming\mymod\src\game\server\release_mod_hl2mp\logicrelay.obj
e:\windows essentials\documents\programming\mymod\src\game\server\release_mod_hl2mp\materialmodifycontrol.obj
e:\windows essentials\documents\programming\mymod\src\game\server\release_mod_hl2mp\modelsoundscache.obj
e:\windows essentials\documents\programming\mymod\src\game\server\release_mod_hl2mp\ndebugoverlay.obj
e:\windows essentials\documents\programming\mymod\src\game\server\release_mod_hl2mp\particle_light.obj
e:\windows essentials\documents\programming\mymod\src\game\server\release_mod_hl2mp\particle_system.obj
e:\windows essentials\documents\programming\mymod\src\game\server\release_mod_hl2mp\physics_bone_follower.obj
e:\windows essentials\documents\programming\mymod\src\game\server\release_mod_hl2mp\physics_npc_solver.obj
e:\windows essentials\documents\programming\mymod\src\game\server\release_mod_hl2mp\physics_shared.obj
e:\windows essentials\documents\programming\mymod\src\game\server\release_mod_hl2mp\player_pickup.obj
e:\windows essentials\documents\programming\mymod\src\game\server\release_mod_hl2mp\playerinfomanager.obj
e:\windows essentials\documents\programming\mymod\src\game\server\release_mod_hl2mp\plugin_check.obj
e:\windows essentials\documents\programming\mymod\src\game\server\release_mod_hl2mp\point_camera.obj
e:\windows essentials\documents\programming\mymod\src\game\server\release_mod_hl2mp\point_posecontroller.obj
e:\windows essentials\documents\programming\mymod\src\game\server\release_mod_hl2mp\pointteleport.obj
e:\windows essentials\documents\programming\mymod\src\game\server\release_mod_hl2mp\props.obj
e:\windows essentials\documents\programming\mymod\src\game\server\release_mod_hl2mp\soundemittersystem.obj
e:\windows essentials\documents\programming\mymod\src\game\server\release_mod_hl2mp\spotlightend.obj
e:\windows essentials\documents\programming\mymod\src\game\server\release_mod_hl2mp\studio_shared.obj
e:\windows essentials\documents\programming\mymod\src\game\server\release_mod_hl2mp\subs.obj
e:\windows essentials\documents\programming\mymod\src\game\server\release_mod_hl2mp\takedamageinfo.obj
e:\windows essentials\documents\programming\mymod\src\game\server\release_mod_hl2mp\team_control_point.obj
e:\windows essentials\documents\programming\mymod\src\game\server\release_mod_hl2mp\tempmonster.obj
e:\windows essentials\documents\programming\mymod\src\game\server\release_mod_hl2mp\tesla.obj
e:\windows essentials\documents\programming\mymod\src\game\server\release_mod_hl2mp\test_proxytoggle.obj
e:\windows essentials\documents\programming\mymod\src\game\server\release_mod_hl2mp\testtraceline.obj
e:\windows essentials\documents\programming\mymod\src\game\server\release_mod_hl2mp\trigger_area_capture.obj
e:\windows essentials\documents\programming\mymod\src\game\server\release_mod_hl2mp\vote_controller.obj
e:\windows essentials\documents\programming\mymod\src\game\server\release_mod_hl2mp\world.obj
e:\windows essentials\documents\programming\mymod\src\game\server\release_mod_hl2mp\ai_behavior_police.obj
e:\windows essentials\documents\programming\mymod\src\game\server\release_mod_hl2mp\cbasespriteprojectile.obj
e:\windows essentials\documents\programming\mymod\src\game\server\release_mod_hl2mp\env_headcrabcanister.obj
e:\windows essentials\documents\programming\mymod\src\game\server\release_mod_hl2mp\hl2_playerlocaldata.obj
e:\windows essentials\documents\programming\mymod\src\game\server\release_mod_hl2mp\hl2_triggers.obj
e:\windows essentials\documents\programming\mymod\src\game\server\release_mod_hl2mp\item_battery.obj
e:\windows essentials\documents\programming\mymod\src\game\server\release_mod_hl2mp\item_itemcrate.obj
e:\windows essentials\documents\programming\mymod\src\game\server\release_mod_hl2mp\npc_antlion.obj
e:\windows essentials\documents\programming\mymod\src\game\server\release_mod_hl2mp\npc_breen.obj
e:\windows essentials\documents\programming\mymod\src\game\server\release_mod_hl2mp\npc_combinecamera.obj
e:\windows essentials\documents\programming\mymod\src\game\server\release_mod_hl2mp\npc_cranedriver.obj
e:\windows essentials\documents\programming\mymod\src\game\server\release_mod_hl2mp\npc_eli.obj
e:\windows essentials\documents\programming\mymod\src\game\server\release_mod_hl2mp\npc_headcrab.obj
e:\windows essentials\documents\programming\mymod\src\game\server\release_mod_hl2mp\npc_mossman.obj
e:\windows essentials\documents\programming\mymod\src\game\server\release_mod_hl2mp\npc_strider.obj
e:\windows essentials\documents\programming\mymod\src\game\server\release_mod_hl2mp\point_apc_controller.obj
e:\windows essentials\documents\programming\mymod\src\game\server\release_mod_hl2mp\proto_sniper.obj
e:\windows essentials\documents\programming\mymod\src\game\server\release_mod_hl2mp\vehicle_viewcontroller.obj
e:\windows essentials\documents\programming\mymod\src\game\server\release_mod_hl2mp\grenade_homer.obj
e:\windows essentials\documents\programming\mymod\src\game\server\release_mod_hl2mp\hl2mp_client.obj
e:\windows essentials\documents\programming\mymod\src\game\server\release_mod_hl2mp\grenade_satchel.obj
e:\windows essentials\documents\programming\mymod\src\game\server\release_mod_hl2mp\weapon_frag.obj
e:\windows essentials\documents\programming\mymod\src\game\server\release_mod_hl2mp\weapon_physcannon.obj
e:\windows essentials\documents\programming\mymod\src\game\server\release_mod_hl2mp\nav_file.obj
e:\windows essentials\documents\programming\mymod\src\game\server\release_mod_hl2mp\nav_merge.obj
e:\windows essentials\documents\programming\mymod\src\game\server\release_mod_hl2mp\particle_fire.obj
e:\windows essentials\documents\programming\mymod\src\game\server\release_mod_hl2mp\smoke_trail.obj
e:\windows essentials\documents\programming\mymod\src\game\server\release_mod_hl2mp\te_beamringpoint.obj
e:\windows essentials\documents\programming\mymod\src\game\server\release_mod_hl2mp\te_bubbletrail.obj
e:\windows essentials\documents\programming\mymod\src\game\server\release_mod_hl2mp\te_footprintdecal.obj
e:\windows essentials\documents\programming\mymod\src\game\server\release_mod_hl2mp\te_impact.obj
e:\windows essentials\documents\programming\mymod\src\game\server\release_mod_hl2mp\te_playerdecal.obj
e:\windows essentials\documents\programming\mymod\src\game\server\release_mod_hl2mp\te_sprite.obj
e:\windows essentials\documents\programming\mymod\src\game\server\release_mod_hl2mp\achievements_hlx.obj
e:\windows essentials\documents\programming\mymod\src\game\server\release_mod_hl2mp\ai_basehumanoid.obj
e:\windows essentials\documents\programming\mymod\src\game\server\release_mod_hl2mp\ai_basenpc_movement.obj
e:\windows essentials\documents\programming\mymod\src\game\server\release_mod_hl2mp\ai_behavior.obj
e:\windows essentials\documents\programming\mymod\src\game\server\release_mod_hl2mp\ai_behavior_follow.obj
e:\windows essentials\documents\programming\mymod\src\game\server\release_mod_hl2mp\ai_concommands.obj
e:\windows essentials\documents\programming\mymod\src\game\server\release_mod_hl2mp\ai_goalentity.obj
e:\windows essentials\documents\programming\mymod\src\game\server\release_mod_hl2mp\ai_moveprobe.obj
e:\windows essentials\documents\programming\mymod\src\game\server\release_mod_hl2mp\ai_planesolver.obj
e:\windows essentials\documents\programming\mymod\src\game\server\release_mod_hl2mp\ai_responsesystem.obj
e:\windows essentials\documents\programming\mymod\src\game\server\release_mod_hl2mp\ai_speechfilter.obj
e:\windows essentials\documents\programming\mymod\src\game\server\release_mod_hl2mp\basecombatcharacter_shared.obj
e:\windows essentials\documents\programming\mymod\src\game\server\release_mod_hl2mp\baseentity.obj
e:\windows essentials\documents\programming\mymod\src\game\server\release_mod_hl2mp\colorcorrection.obj
e:\windows essentials\documents\programming\mymod\src\game\server\release_mod_hl2mp\cplane.obj
e:\windows essentials\documents\programming\mymod\src\game\server\release_mod_hl2mp\damagemodifier.obj
e:\windows essentials\documents\programming\mymod\src\game\server\release_mod_hl2mp\debugoverlay_shared.obj
e:\windows essentials\documents\programming\mymod\src\game\server\release_mod_hl2mp\effect_dispatch_data.obj
e:\windows essentials\documents\programming\mymod\src\game\server\release_mod_hl2mp\effects.obj
e:\windows essentials\documents\programming\mymod\src\game\server\release_mod_hl2mp\env_screenoverlay.obj
e:\windows essentials\documents\programming\mymod\src\game\server\release_mod_hl2mp\envbeam.obj
e:\windows essentials\documents\programming\mymod\src\game\server\release_mod_hl2mp\envspark.obj
e:\windows essentials\documents\programming\mymod\src\game\server\release_mod_hl2mp\eventlist.obj
e:\windows essentials\documents\programming\mymod\src\game\server\release_mod_hl2mp\filters.obj
e:\windows essentials\documents\programming\mymod\src\game\server\release_mod_hl2mp\func_ladder.obj
e:\windows essentials\documents\programming\mymod\src\game\server\release_mod_hl2mp\func_movelinear.obj
e:\windows essentials\documents\programming\mymod\src\game\server\release_mod_hl2mp\game.obj
e:\windows essentials\documents\programming\mymod\src\game\server\release_mod_hl2mp\game_ui.obj
e:\windows essentials\documents\programming\mymod\src\game\server\release_mod_hl2mp\gamestringpool.obj
e:\windows essentials\documents\programming\mymod\src\game\server\release_mod_hl2mp\gameweaponmanager.obj
e:\windows essentials\documents\programming\mymod\src\game\server\release_mod_hl2mp\gib.obj
e:\windows essentials\documents\programming\mymod\src\game\server\release_mod_hl2mp\guntarget.obj
e:\windows essentials\documents\programming\mymod\src\game\server\release_mod_hl2mp\h_cycler.obj
e:\windows essentials\documents\programming\mymod\src\game\server\release_mod_hl2mp\mapentities_shared.obj
e:\windows essentials\documents\programming\mymod\src\game\server\release_mod_hl2mp\maprules.obj
e:\windows essentials\documents\programming\mymod\src\game\server\release_mod_hl2mp\message_entity.obj
e:\windows essentials\documents\programming\mymod\src\game\server\release_mod_hl2mp\movevars_shared.obj
e:\windows essentials\documents\programming\mymod\src\game\server\release_mod_hl2mp\mp_shareddefs.obj
e:\windows essentials\documents\programming\mymod\src\game\server\release_mod_hl2mp\npc_vehicledriver.obj
e:\windows essentials\documents\programming\mymod\src\game\server\release_mod_hl2mp\physics_cannister.obj
e:\windows essentials\documents\programming\mymod\src\game\server\release_mod_hl2mp\physics_saverestore.obj
e:\windows essentials\documents\programming\mymod\src\game\server\release_mod_hl2mp\player_command.obj
e:\windows essentials\documents\programming\mymod\src\game\server\release_mod_hl2mp\player_resource.obj
e:\windows essentials\documents\programming\mymod\src\game\server\release_mod_hl2mp\point_bonusmaps_accessor.obj
e:\windows essentials\documents\programming\mymod\src\game\server\release_mod_hl2mp\point_playermoveconstraint.obj
e:\windows essentials\documents\programming\mymod\src\game\server\release_mod_hl2mp\pointanglesensor.obj
e:\windows essentials\documents\programming\mymod\src\game\server\release_mod_hl2mp\precache_register.obj
e:\windows essentials\documents\programming\mymod\src\game\server\release_mod_hl2mp\predicted_viewmodel.obj
e:\windows essentials\documents\programming\mymod\src\game\server\release_mod_hl2mp\ragdoll_shared.obj
e:\windows essentials\documents\programming\mymod\src\game\server\release_mod_hl2mp\rope.obj
e:\windows essentials\documents\programming\mymod\src\game\server\release_mod_hl2mp\sceneentity_shared.obj
e:\windows essentials\documents\programming\mymod\src\game\server\release_mod_hl2mp\scratchpad_gamedll_helpers.obj
e:\windows essentials\documents\programming\mymod\src\game\server\release_mod_hl2mp\scripted.obj
e:\windows essentials\documents\programming\mymod\src\game\server\release_mod_hl2mp\shadowcontrol.obj
e:\windows essentials\documents\programming\mymod\src\game\server\release_mod_hl2mp\slideshow_display.obj
e:\windows essentials\documents\programming\mymod\src\game\server\release_mod_hl2mp\soundscape.obj
e:\windows essentials\documents\programming\mymod\src\game\server\release_mod_hl2mp\team_control_point_master.obj
e:\windows essentials\documents\programming\mymod\src\game\server\release_mod_hl2mp\test_ehandle.obj
e:\windows essentials\documents\programming\mymod\src\game\server\release_mod_hl2mp\test_stressentities.obj
e:\windows essentials\documents\programming\mymod\src\game\server\release_mod_hl2mp\trains.obj
e:\windows essentials\documents\programming\mymod\src\game\server\release_mod_hl2mp\vehicle_viewblend_shared.obj
e:\windows essentials\documents\programming\mymod\src\game\server\release_mod_hl2mp\wcedit.obj
e:\windows essentials\documents\programming\mymod\src\game\server\release_mod_hl2mp\ai_goal_police.obj
e:\windows essentials\documents\programming\mymod\src\game\server\release_mod_hl2mp\ai_spotlight.obj
e:\windows essentials\documents\programming\mymod\src\game\server\release_mod_hl2mp\basehlcombatweapon.obj
e:\windows essentials\documents\programming\mymod\src\game\server\release_mod_hl2mp\env_headcrabcanister_shared.obj
e:\windows essentials\documents\programming\mymod\src\game\server\release_mod_hl2mp\env_speaker.obj
e:\windows essentials\documents\programming\mymod\src\game\server\release_mod_hl2mp\grenade_bugbait.obj
e:\windows essentials\documents\programming\mymod\src\game\server\release_mod_hl2mp\hl_playermove.obj
e:\windows essentials\documents\programming\mymod\src\game\server\release_mod_hl2mp\npc_apcdriver.obj
e:\windows essentials\documents\programming\mymod\src\game\server\release_mod_hl2mp\npc_barney.obj
e:\windows essentials\documents\programming\mymod\src\game\server\release_mod_hl2mp\npc_combinegunship.obj
e:\windows essentials\documents\programming\mymod\src\game\server\release_mod_hl2mp\npc_launcher.obj
e:\windows essentials\documents\programming\mymod\src\game\server\release_mod_hl2mp\npc_poisonzombie.obj
e:\windows essentials\documents\programming\mymod\src\game\server\release_mod_hl2mp\npc_rollermine.obj
e:\windows essentials\documents\programming\mymod\src\game\server\release_mod_hl2mp\npc_turret_floor.obj
e:\windows essentials\documents\programming\mymod\src\game\server\release_mod_hl2mp\prop_thumper.obj
e:\windows essentials\documents\programming\mymod\src\game\server\release_mod_hl2mp\script_intro.obj
e:\windows essentials\documents\programming\mymod\src\game\server\release_mod_hl2mp\vehicle_prisoner_pod.obj
e:\windows essentials\documents\programming\mymod\src\game\server\release_mod_hl2mp\weapon_cubemap.obj
e:\windows essentials\documents\programming\mymod\src\game\server\release_mod_hl2mp\grenade_beam.obj
e:\windows essentials\documents\programming\mymod\src\game\server\release_mod_hl2mp\weapon_cguard.obj
e:\windows essentials\documents\programming\mymod\src\game\server\release_mod_hl2mp\weapon_flaregun.obj
e:\windows essentials\documents\programming\mymod\src\game\server\release_mod_hl2mp\hl2mp_gameinterface.obj
e:\windows essentials\documents\programming\mymod\src\game\server\release_mod_hl2mp\hl2mp_player_shared.obj
e:\windows essentials\documents\programming\mymod\src\game\server\release_mod_hl2mp\te_hl2mp_shotgun_shot.obj
e:\windows essentials\documents\programming\mymod\src\game\server\release_mod_hl2mp\weapon_crossbow.obj
e:\windows essentials\documents\programming\mymod\src\game\server\release_mod_hl2mp\weapon_hl2mpbasehlmpcombatweapon.obj
e:\windows essentials\documents\programming\mymod\src\game\server\release_mod_hl2mp\weapon_smg1.obj
e:\windows essentials\documents\programming\mymod\src\game\server\release_mod_hl2mp\nav_colors.obj
e:\windows essentials\documents\programming\mymod\src\game\server\release_mod_hl2mp\nav_entities.obj
e:\windows essentials\documents\programming\mymod\src\game\server\release_mod_hl2mp\nav_mesh_factory.obj
e:\windows essentials\documents\programming\mymod\src\game\server\release_mod_hl2mp\event_tempentity_tester.obj
e:\windows essentials\documents\programming\mymod\src\game\server\release_mod_hl2mp\plasma.obj
e:\windows essentials\documents\programming\mymod\src\game\server\release_mod_hl2mp\steamjet.obj
e:\windows essentials\documents\programming\mymod\src\game\server\release_mod_hl2mp\te_beamentpoint.obj
e:\windows essentials\documents\programming\mymod\src\game\server\release_mod_hl2mp\te_beamring.obj
e:\windows essentials\documents\programming\mymod\src\game\server\release_mod_hl2mp\te_bspdecal.obj
e:\windows essentials\documents\programming\mymod\src\game\server\release_mod_hl2mp\te_effect_dispatch.obj
e:\windows essentials\documents\programming\mymod\src\game\server\release_mod_hl2mp\te_glassshatter.obj
e:\windows essentials\documents\programming\mymod\src\game\server\release_mod_hl2mp\te_muzzleflash.obj
e:\windows essentials\documents\programming\mymod\src\game\server\release_mod_hl2mp\te_sparks.obj
e:\windows essentials\documents\programming\mymod\src\game\server\release_mod_hl2mp\toolframework_server.obj
e:\windows essentials\documents\programming\mymod\src\game\server\release_mod_hl2mp\weapon_ak47.obj
e:\windows essentials\documents\programming\mymod\src\game\server\release_mod_hl2mp\ai_basenpc.obj
e:\windows essentials\documents\programming\mymod\src\game\server\release_mod_hl2mp\ai_condition.obj
e:\windows essentials\documents\programming\mymod\src\game\server\release_mod_hl2mp\ai_dynamiclink.obj
e:\windows essentials\documents\programming\mymod\src\game\server\release_mod_hl2mp\ai_initutils.obj
e:\windows essentials\documents\programming\mymod\src\game\server\release_mod_hl2mp\ai_namespaces.obj
e:\windows essentials\documents\programming\mymod\src\game\server\release_mod_hl2mp\ai_network.obj
e:\windows essentials\documents\programming\mymod\src\game\server\release_mod_hl2mp\ai_relationship.obj
e:\windows essentials\documents\programming\mymod\src\game\server\release_mod_hl2mp\ai_scriptconditions.obj
e:\windows essentials\documents\programming\mymod\src\game\server\release_mod_hl2mp\ai_speech.obj
e:\windows essentials\documents\programming\mymod\src\game\server\release_mod_hl2mp\ai_task.obj
e:\windows essentials\documents\programming\mymod\src\game\server\release_mod_hl2mp\ammodef.obj
e:\windows essentials\documents\programming\mymod\src\game\server\release_mod_hl2mp\base_playeranimstate.obj
e:\windows essentials\documents\programming\mymod\src\game\server\release_mod_hl2mp\basecombatcharacter.obj
e:\windows essentials\documents\programming\mymod\src\game\server\release_mod_hl2mp\baseprojectile.obj
e:\windows essentials\documents\programming\mymod\src\game\server\release_mod_hl2mp\beam_shared.obj
e:\windows essentials\documents\programming\mymod\src\game\server\release_mod_hl2mp\cbase.obj
e:\windows essentials\documents\programming\mymod\src\game\server\release_mod_hl2mp\colorcorrectionvolume.obj
e:\windows essentials\documents\programming\mymod\src\game\server\release_mod_hl2mp\cragdollmagnet.obj
e:\windows essentials\documents\programming\mymod\src\game\server\release_mod_hl2mp\doors.obj
e:\windows essentials\documents\programming\mymod\src\game\server\release_mod_hl2mp\entitydissolve.obj
e:\windows essentials\documents\programming\mymod\src\game\server\release_mod_hl2mp\env_particlescript.obj
e:\windows essentials\documents\programming\mymod\src\game\server\release_mod_hl2mp\env_projectedtexture.obj
e:\windows essentials\documents\programming\mymod\src\game\server\release_mod_hl2mp\envhudhint.obj
e:\windows essentials\documents\programming\mymod\src\game\server\release_mod_hl2mp\envmicrophone.obj
e:\windows essentials\documents\programming\mymod\src\game\server\release_mod_hl2mp\fire.obj
e:\windows essentials\documents\programming\mymod\src\game\server\release_mod_hl2mp\fourwheelvehiclephysics.obj
e:\windows essentials\documents\programming\mymod\src\game\server\release_mod_hl2mp\func_reflective_glass.obj
e:\windows essentials\documents\programming\mymod\src\game\server\release_mod_hl2mp\gamerules.obj
e:\windows essentials\documents\programming\mymod\src\game\server\release_mod_hl2mp\globals.obj
e:\windows essentials\documents\programming\mymod\src\game\server\release_mod_hl2mp\grenadethrown.obj
e:\windows essentials\documents\programming\mymod\src\game\server\release_mod_hl2mp\h_ai.obj
e:\windows essentials\documents\programming\mymod\src\game\server\release_mod_hl2mp\haptic_msgs.obj
e:\windows essentials\documents\programming\mymod\src\game\server\release_mod_hl2mp\hintmessage.obj
e:\windows essentials\documents\programming\mymod\src\game\server\release_mod_hl2mp\info_camera_link.obj
e:\windows essentials\documents\programming\mymod\src\game\server\release_mod_hl2mp\logic_measure_movement.obj
e:\windows essentials\documents\programming\mymod\src\game\server\release_mod_hl2mp\logicauto.obj
e:\windows essentials\documents\programming\mymod\src\game\server\release_mod_hl2mp\mapentities.obj
e:\windows essentials\documents\programming\mymod\src\game\server\release_mod_hl2mp\particle_parse.obj
e:\windows essentials\documents\programming\mymod\src\game\server\release_mod_hl2mp\physics_fx.obj
e:\windows essentials\documents\programming\mymod\src\game\server\release_mod_hl2mp\physics_main.obj
e:\windows essentials\documents\programming\mymod\src\game\server\release_mod_hl2mp\physobj.obj
e:\windows essentials\documents\programming\mymod\src\game\server\release_mod_hl2mp\point_spotlight.obj
e:\windows essentials\documents\programming\mymod\src\game\server\release_mod_hl2mp\pointhurt.obj
e:\windows essentials\documents\programming\mymod\src\game\server\release_mod_hl2mp\props_shared.obj
e:\windows essentials\documents\programming\mymod\src\game\server\release_mod_hl2mp\recipientfilter.obj
e:\windows essentials\documents\programming\mymod\src\game\server\release_mod_hl2mp\saverestore.obj
e:\windows essentials\documents\programming\mymod\src\game\server\release_mod_hl2mp\sendproxy.obj
e:\windows essentials\documents\programming\mymod\src\game\server\release_mod_hl2mp\sequence_transitioner.obj
e:\windows essentials\documents\programming\mymod\src\game\server\release_mod_hl2mp\serverbenchmark_base.obj
e:\windows essentials\documents\programming\mymod\src\game\server\release_mod_hl2mp\simtimer.obj
e:\windows essentials\documents\programming\mymod\src\game\server\release_mod_hl2mp\singleplay_gamerules.obj
e:\windows essentials\documents\programming\mymod\src\game\server\release_mod_hl2mp\soundenvelope.obj
e:\windows essentials\documents\programming\mymod\src\game\server\release_mod_hl2mp\sprite_perfmonitor.obj
e:\windows essentials\documents\programming\mymod\src\game\server\release_mod_hl2mp\sun.obj
e:\windows essentials\documents\programming\mymod\src\game\server\release_mod_hl2mp\team.obj
e:\windows essentials\documents\programming\mymod\src\game\server\release_mod_hl2mp\team_train_watcher.obj
e:\windows essentials\documents\programming\mymod\src\game\server\release_mod_hl2mp\util.obj
e:\windows essentials\documents\programming\mymod\src\game\server\release_mod_hl2mp\vguiscreen.obj
e:\windows essentials\documents\programming\mymod\src\game\server\release_mod_hl2mp\voice_gamemgr.obj
e:\windows essentials\documents\programming\mymod\src\game\server\release_mod_hl2mp\waterbullet.obj
e:\windows essentials\documents\programming\mymod\src\game\server\release_mod_hl2mp\waterlodcontrol.obj
e:\windows essentials\documents\programming\mymod\src\game\server\release_mod_hl2mp\weapon_parse.obj
e:\windows essentials\documents\programming\mymod\src\game\server\release_mod_hl2mp\ai_behavior_actbusy.obj
e:\windows essentials\documents\programming\mymod\src\game\server\release_mod_hl2mp\combine_mine.obj
e:\windows essentials\documents\programming\mymod\src\game\server\release_mod_hl2mp\grenade_frag.obj
e:\windows essentials\documents\programming\mymod\src\game\server\release_mod_hl2mp\hl2_gamerules.obj
e:\windows essentials\documents\programming\mymod\src\game\server\release_mod_hl2mp\item_ammo.obj
e:\windows essentials\documents\programming\mymod\src\game\server\release_mod_hl2mp\item_suit.obj
e:\windows essentials\documents\programming\mymod\src\game\server\release_mod_hl2mp\npc_alyx.obj
e:\windows essentials\documents\programming\mymod\src\game\server\release_mod_hl2mp\npc_bullseye.obj
e:\windows essentials\documents\programming\mymod\src\game\server\release_mod_hl2mp\npc_combine.obj
e:\windows essentials\documents\programming\mymod\src\game\server\release_mod_hl2mp\npc_crow.obj
e:\windows essentials\documents\programming\mymod\src\game\server\release_mod_hl2mp\npc_enemyfinder.obj
e:\windows essentials\documents\programming\mymod\src\game\server\release_mod_hl2mp\npc_ichthyosaur.obj
e:\windows essentials\documents\programming\mymod\src\game\server\release_mod_hl2mp\npc_manhack.obj
e:\windows essentials\documents\programming\mymod\src\game\server\release_mod_hl2mp\npc_scanner.obj
e:\windows essentials\documents\programming\mymod\src\game\server\release_mod_hl2mp\prop_combine_ball.obj
e:\windows essentials\documents\programming\mymod\src\game\server\release_mod_hl2mp\weapon_annabelle.obj
e:\windows essentials\documents\programming\mymod\src\game\server\release_mod_hl2mp\npc_missiledefense.obj
e:\windows essentials\documents\programming\mymod\src\game\server\release_mod_hl2mp\hl2mp_weapon_parse.obj
e:\windows essentials\documents\programming\mymod\src\game\server\release_mod_hl2mp\grenade_tripmine.obj
e:\windows essentials\documents\programming\mymod\src\game\server\release_mod_hl2mp\weapon_crowbar.obj
e:\windows essentials\documents\programming\mymod\src\game\server\release_mod_hl2mp\weapon_rpg.obj
e:\windows essentials\documents\programming\mymod\src\game\server\release_mod_hl2mp\nav_generate.obj
e:\windows essentials\documents\programming\mymod\src\game\server\release_mod_hl2mp\nav_node.obj
e:\windows essentials\documents\programming\mymod\src\game\server\release_mod_hl2mp\particle_smokegrenade.obj
e:\windows essentials\documents\programming\mymod\src\game\server\release_mod_hl2mp\te.obj
e:\windows essentials\documents\programming\mymod\src\game\server\release_mod_hl2mp\te_basebeam.obj
e:\windows essentials\documents\programming\mymod\src\game\server\release_mod_hl2mp\te_beamlaser.obj
e:\windows essentials\documents\programming\mymod\src\game\server\release_mod_hl2mp\te_bloodstream.obj
e:\windows essentials\documents\programming\mymod\src\game\server\release_mod_hl2mp\te_decal.obj
e:\windows essentials\documents\programming\mymod\src\game\server\release_mod_hl2mp\te_explosion.obj
e:\windows essentials\documents\programming\mymod\src\game\server\release_mod_hl2mp\te_largefunnel.obj
e:\windows essentials\documents\programming\mymod\src\game\server\release_mod_hl2mp\te_smoke.obj
e:\windows essentials\documents\programming\mymod\src\game\server\release_mod_hl2mp\entity_tools_server.obj
e:\windows essentials\documents\programming\mymod\src\game\server\release_mod_hl2mp\bone_setup.obj
e:\windows essentials\documents\programming\mymod\src\game\server\release_mod_hl2mp\map_utils.obj
e:\windows essentials\documents\programming\mymod\src\game\server\release_mod_hl2mp\scratchpadutils.obj
e:\windows essentials\documents\programming\mymod\src\game\server\release_mod_hl2mp\stringregistry.obj
e:\windows essentials\documents\programming\mymod\src\game\server\release_mod_hl2mp\collisionutils.obj
e:\windows essentials\documents\programming\mymod\src\game\server\release_mod_hl2mp\h_export.obj
e:\windows essentials\documents\programming\mymod\src\game\server\release_mod_hl2mp\networkvar.obj
e:\windows essentials\documents\programming\mymod\src\game\server\release_mod_hl2mp\randoverride.obj
e:\windows essentials\documents\programming\mymod\src\game\server\release_mod_hl2mp\scratchpad3d.obj
e:\windows essentials\documents\programming\mymod\src\game\server\release_mod_hl2mp\editor_sendcommand.obj
e:\windows essentials\documents\programming\mymod\src\game\server\release_mod_hl2mp\init_factory.obj
e:\windows essentials\documents\programming\mymod\src\game\server\release_mod_hl2mp\interval.obj
e:\windows essentials\documents\programming\mymod\src\game\server\release_mod_hl2mp\memoverride.obj
e:\windows essentials\documents\programming\mymod\src\game\server\release_mod_hl2mp\server_class.obj
e:\windows essentials\documents\programming\mymod\src\game\server\release_mod_hl2mp\studio.obj
e:\windows essentials\documents\programming\mymod\src\game\server\release_mod_hl2mp\dt_send.obj
e:\windows essentials\documents\programming\mymod\src\game\server\release_mod_hl2mp\gamestats_basicstatsfunctions.obj
e:\windows essentials\documents\programming\mymod\src\game\server\release_mod_hl2mp\dt_utlvector_send.obj
e:\windows essentials\documents\programming\mymod\src\game\server\release_mod_hl2mp\gamehandle.obj
e:\windows essentials\documents\programming\mymod\src\game\server\release_mod_hl2mp\interpolatortypes.obj
e:\windows essentials\documents\programming\mymod\src\game\server\release_mod_hl2mp\language.obj
e:\windows essentials\documents\programming\mymod\src\game\server\release_mod_hl2mp\rope_physics.obj
e:\windows essentials\documents\programming\mymod\src\game\server\release_mod_hl2mp\sheetsimulator.obj
e:\windows essentials\documents\programming\mymod\src\game\server\release_mod_hl2mp\dt_utlvector_common.obj
e:\windows essentials\documents\programming\mymod\src\game\server\release_mod_hl2mp\filesystem_helpers.obj
e:\windows essentials\documents\programming\mymod\src\game\server\release_mod_hl2mp\keyframe.obj
e:\windows essentials\documents\programming\mymod\src\game\server\release_mod_hl2mp\registry.obj
e:\windows essentials\documents\programming\mymod\src\game\server\release_mod_hl2mp\simple_physics.obj
e:\windows essentials\documents\programming\mymod\src\game\server\release_mod_hl2mp\pointeroverride.obj
e:\windows essentials\documents\programming\mymod\src\game\server\server_hl2mp.vpc.sentinel
e:\windows essentials\documents\programming\mymod\src\game\server\release_mod_hl2mp\server.exp
e:\windows essentials\documents\programming\mymod\src\game\server\release_mod_hl2mp\server.pdb
e:\windows essentials\documents\programming\mymod\src\game\server\release_mod_hl2mp\server (hl2mp).tlog\cl.command.1.tlog
e:\windows essentials\documents\programming\mymod\src\game\server\release_mod_hl2mp\server (hl2mp).tlog\cl.read.1.tlog
e:\windows essentials\documents\programming\mymod\src\game\server\release_mod_hl2mp\server (hl2mp).tlog\cl.write.1.tlog
e:\windows essentials\documents\programming\mymod\src\game\server\release_mod_hl2mp\server (hl2mp).tlog\custombuild.command.1.tlog
e:\windows essentials\documents\programming\mymod\src\game\server\release_mod_hl2mp\server (hl2mp).tlog\custombuild.read.1.tlog
e:\windows essentials\documents\programming\mymod\src\game\server\release_mod_hl2mp\server (hl2mp).tlog\custombuild.write.1.tlog
e:\windows essentials\documents\programming\mymod\src\game\server\release_mod_hl2mp\server (hl2mp).tlog\link.command.1.tlog
e:\windows essentials\documents\programming\mymod\src\game\server\release_mod_hl2mp\server (hl2mp).tlog\link.read.1.tlog
e:\windows essentials\documents\programming\mymod\src\game\server\release_mod_hl2mp\server (hl2mp).tlog\link.write.1.tlog
